<?xml version="1.0" encoding="UTF-8"?>
<!-- Generated by org.testng.reporters.JUnitXMLReporter -->
<testsuite ignored="0" hostname="DESKTOP-5ITK669" failures="0" tests="2" name="Test" time="0.051" errors="0" timestamp="2025-08-10T13:31:12 IST">
  <testcase classname="test" name="@BeforeSuite beforesuite" time="0.017">
    <failure type="java.lang.IllegalArgumentException" message="Invalid browser: Firefox">
      <![CDATA[java.lang.IllegalArgumentException: Invalid browser: Firefox
at test.beforesuite(test.java:78)
... Removed 19 stack frames]]>
    </failure>
  </testcase> <!-- @BeforeSuite beforesuite -->
  <testcase classname="test" name="@BeforeTest beforeTest" time="0.0">
    <skipped/>
  </testcase> <!-- @BeforeTest beforeTest -->
  <testcase classname="test" name="@BeforeClass beforeclass" time="0.0">
    <skipped/>
  </testcase> <!-- @BeforeClass beforeclass -->
  <testcase classname="test" name="@BeforeMethod beforeTestMethod" time="0.0">
    <skipped/>
  </testcase> <!-- @BeforeMethod beforeTestMethod -->
  <testcase classname="test" name="@AfterMethod AfterMethod" time="0.0">
    <skipped/>
  </testcase> <!-- @AfterMethod AfterMethod -->
  <testcase classname="test" name="@BeforeMethod beforeTestMethod" time="0.0">
    <skipped/>
  </testcase> <!-- @BeforeMethod beforeTestMethod -->
  <testcase classname="test" name="@AfterMethod AfterMethod" time="0.0">
    <skipped/>
  </testcase> <!-- @AfterMethod AfterMethod -->
  <testcase classname="test" name="@AfterClass AfterClass" time="0.0">
    <skipped/>
  </testcase> <!-- @AfterClass AfterClass -->
  <testcase classname="test" name="@AfterTest aftertest" time="0.0">
    <skipped/>
  </testcase> <!-- @AfterTest aftertest -->
  <testcase classname="test" name="firstTest" time="0.0">
    <skipped/>
  </testcase> <!-- firstTest -->
  <testcase classname="test" name="secondTest" time="0.0">
    <skipped/>
  </testcase> <!-- secondTest -->
</testsuite> <!-- Test -->
