<?xml version="1.0" encoding="UTF-8"?>
<!-- Generated by org.testng.reporters.JUnitXMLReporter -->
<testsuite ignored="0" hostname="DESKTOP-5ITK669" failures="0" tests="4" name="Test2" time="0.021" errors="0" timestamp="2025-09-17T11:19:03 IST">
  <testcase classname="parallel.TestClass2" name="testMethod5" time="0.001"/>
  <testcase classname="parallel.TestClass2" name="testMethod6" time="0.001"/>
  <testcase classname="parallel.TestClass2" name="testMethod7" time="0.001"/>
  <testcase classname="parallel.TestClass2" name="testMethod8" time="0.001"/>
</testsuite> <!-- Test2 -->
