<?xml version="1.0" encoding="UTF-8"?>
<testng-results ignored="0" total="6" passed="6" failed="0" skipped="0">
  <reporter-output>
  </reporter-output>
  <suite started-at="2025-08-12T21:57:29 IST" name="Default suite" finished-at="2025-08-12T21:57:29 IST" duration-ms="110">
    <groups>
    </groups>
    <test started-at="2025-08-12T21:57:29 IST" name="Default test" finished-at="2025-08-12T21:57:29 IST" duration-ms="110">
      <class name="priorty">
        <test-method signature="Signup()[pri:1, instance:priorty@292b08d6]" started-at="2025-08-12T21:57:29 IST" name="Signup" finished-at="2025-08-12T21:57:29 IST" duration-ms="16" status="PASS">
          <reporter-output>
          </reporter-output>
        </test-method> <!-- Signup -->
        <test-method signature="login()[pri:2, instance:priorty@292b08d6]" started-at="2025-08-12T21:57:29 IST" name="login" finished-at="2025-08-12T21:57:29 IST" duration-ms="1" status="PASS">
          <reporter-output>
          </reporter-output>
        </test-method> <!-- login -->
        <test-method signature="Search()[pri:3, instance:priorty@292b08d6]" started-at="2025-08-12T21:57:29 IST" name="Search" finished-at="2025-08-12T21:57:29 IST" duration-ms="2" status="PASS">
          <reporter-output>
          </reporter-output>
        </test-method> <!-- Search -->
        <test-method signature="Scroll()[pri:4, instance:priorty@292b08d6]" started-at="2025-08-12T21:57:29 IST" name="Scroll" finished-at="2025-08-12T21:57:29 IST" duration-ms="2" status="PASS">
          <reporter-output>
          </reporter-output>
        </test-method> <!-- Scroll -->
        <test-method signature="Screnshot()[pri:5, instance:priorty@292b08d6]" started-at="2025-08-12T21:57:29 IST" name="Screnshot" finished-at="2025-08-12T21:57:29 IST" duration-ms="2" status="PASS">
          <reporter-output>
          </reporter-output>
        </test-method> <!-- Screnshot -->
        <test-method signature="Logout()[pri:6, instance:priorty@292b08d6]" started-at="2025-08-12T21:57:29 IST" name="Logout" finished-at="2025-08-12T21:57:29 IST" duration-ms="3" status="PASS">
          <reporter-output>
          </reporter-output>
        </test-method> <!-- Logout -->
      </class> <!-- priorty -->
    </test> <!-- Default test -->
  </suite> <!-- Default suite -->
</testng-results>
